# JRE version: Java(TM) SE Runtime Environment (8.0_112-b16) (build 1.8.0_112-b16)
# Java VM: Java HotSpot(TM) 64-Bit Server VM (25.112-b16 mixed mode bsd-amd64 compressed oops)
Heap:
 PSYoungGen      total 1536K, used 1024K [0x00000007bfe00000, 0x00000007c0000000, 0x00000007c0000000)
  eden space 1024K, 100% used [0x00000007bfe00000,0x00000007bff00000,0x00000007bff00000)
  from space 512K, 0% used [0x00000007bff00000,0x00000007bff00000,0x00000007bff80000)
  to   space 512K, 0% used [0x00000007bff80000,0x00000007bff80000,0x00000007c0000000)
 ParOldGen       total 4096K, used 4032K [0x00000007bfa00000, 0x00000007bfe00000, 0x00000007bfe00000)
  object space 4096K, 98% used [0x00000007bfa00000,0x00000007bfdf0360,0x00000007bfe00000)
 Metaspace       used 3320K, capacity 4496K, committed 4864K, reserved 1056768K
  class space    used 372K, capacity 388K, committed 512K, reserved 1048576K
GC Heap History (10 events):
Event: 2.242 GC heap before
{Heap before GC invocations=64 (full 57):
 PSYoungGen      total 1536K, used 1024K [0x00000007bfe00000, 0x00000007c0000000, 0x00000007c0000000)
  eden space 1024K, 100% used [0x00000007bfe00000,0x00000007bff00000,0x00000007bff00000)
  from space 512K, 0% used [0x00000007bff00000,0x00000007bff00000,0x00000007bff80000)
  to   space 512K, 0% used [0x00000007bff80000,0x00000007bff80000,0x00000007c0000000)
 ParOldGen       total 4096K, used 4024K [0x00000007bfa00000, 0x00000007bfe00000, 0x00000007bfe00000)
  object space 4096K, 98% used [0x00000007bfa00000,0x00000007bfdee3f0,0x00000007bfe00000)
 Metaspace       used 3315K, capacity 4496K, committed 4864K, reserved 1056768K
  class space    used 371K, capacity 388K, committed 512K, reserved 1048576K
Event: 2.269 GC heap after
Heap after GC invocations=64 (full 57):
 PSYoungGen      total 1536K, used 1024K [0x00000007bfe00000, 0x00000007c0000000, 0x00000007c0000000)
  eden space 1024K, 100% used [0x00000007bfe00000,0x00000007bff00000,0x00000007bff00000)
  from space 512K, 0% used [0x00000007bff00000,0x00000007bff00000,0x00000007bff80000)
  to   space 512K, 0% used [0x00000007bff80000,0x00000007bff80000,0x00000007c0000000)
 ParOldGen       total 4096K, used 4024K [0x00000007bfa00000, 0x00000007bfe00000, 0x00000007bfe00000)
  object space 4096K, 98% used [0x00000007bfa00000,0x00000007bfdee3f0,0x00000007bfe00000)
 Metaspace       used 3315K, capacity 4496K, committed 4864K, reserved 1056768K
  class space    used 371K, capacity 388K, committed 512K, reserved 1048576K
}
Event: 2.269 GC heap before
{Heap before GC invocations=65 (full 58):
 PSYoungGen      total 1536K, used 1024K [0x00000007bfe00000, 0x00000007c0000000, 0x00000007c0000000)
  eden space 1024K, 100% used [0x00000007bfe00000,0x00000007bff00000,0x00000007bff00000)
  from space 512K, 0% used [0x00000007bff00000,0x00000007bff00000,0x00000007bff80000)
  to   space 512K, 0% used [0x00000007bff80000,0x00000007bff80000,0x00000007c0000000)
 ParOldGen       total 4096K, used 4026K [0x00000007bfa00000, 0x00000007bfe00000, 0x00000007bfe00000)
  object space 4096K, 98% used [0x00000007bfa00000,0x00000007bfdee810,0x00000007bfe00000)
 Metaspace       used 3315K, capacity 4496K, committed 4864K, reserved 1056768K
  class space    used 371K, capacity 388K, committed 512K, reserved 1048576K
Event: 2.296 GC heap after
Heap after GC invocations=65 (full 58):
 PSYoungGen      total 1536K, used 1024K [0x00000007bfe00000, 0x00000007c0000000, 0x00000007c0000000)
  eden space 1024K, 100% used [0x00000007bfe00000,0x00000007bff00000,0x00000007bff00000)
  from space 512K, 0% used [0x00000007bff00000,0x00000007bff00000,0x00000007bff80000)
  to   space 512K, 0% used [0x00000007bff80000,0x00000007bff80000,0x00000007c0000000)
 ParOldGen       total 4096K, used 4026K [0x00000007bfa00000, 0x00000007bfe00000, 0x00000007bfe00000)
  object space 4096K, 98% used [0x00000007bfa00000,0x00000007bfdee810,0x00000007bfe00000)
 Metaspace       used 3315K, capacity 4496K, committed 4864K, reserved 1056768K
  class space    used 371K, capacity 388K, committed 512K, reserved 1048576K
}
Event: 2.297 GC heap before
{Heap before GC invocations=66 (full 59):
 PSYoungGen      total 1536K, used 1024K [0x00000007bfe00000, 0x00000007c0000000, 0x00000007c0000000)
  eden space 1024K, 100% used [0x00000007bfe00000,0x00000007bff00000,0x00000007bff00000)
  from space 512K, 0% used [0x00000007bff00000,0x00000007bff00000,0x00000007bff80000)
  to   space 512K, 0% used [0x00000007bff80000,0x00000007bff80000,0x00000007c0000000)
 ParOldGen       total 4096K, used 4027K [0x00000007bfa00000, 0x00000007bfe00000, 0x00000007bfe00000)
  object space 4096K, 98% used [0x00000007bfa00000,0x00000007bfdeec20,0x00000007bfe00000)
 Metaspace       used 3315K, capacity 4496K, committed 4864K, reserved 1056768K
  class space    used 371K, capacity 388K, committed 512K, reserved 1048576K
Event: 2.328 GC heap after
Heap after GC invocations=66 (full 59):
 PSYoungGen      total 1536K, used 1024K [0x00000007bfe00000, 0x00000007c0000000, 0x00000007c0000000)
  eden space 1024K, 100% used [0x00000007bfe00000,0x00000007bff00000,0x00000007bff00000)
  from space 512K, 0% used [0x00000007bff00000,0x00000007bff00000,0x00000007bff80000)
  to   space 512K, 0% used [0x00000007bff80000,0x00000007bff80000,0x00000007c0000000)
 ParOldGen       total 4096K, used 4027K [0x00000007bfa00000, 0x00000007bfe00000, 0x00000007bfe00000)
  object space 4096K, 98% used [0x00000007bfa00000,0x00000007bfdeec20,0x00000007bfe00000)
 Metaspace       used 3315K, capacity 4496K, committed 4864K, reserved 1056768K
  class space    used 371K, capacity 388K, committed 512K, reserved 1048576K
}
Event: 2.329 GC heap before
{Heap before GC invocations=67 (full 60):
 PSYoungGen      total 1536K, used 1024K [0x00000007bfe00000, 0x00000007c0000000, 0x00000007c0000000)
  eden space 1024K, 100% used [0x00000007bfe00000,0x00000007bff00000,0x00000007bff00000)
  from space 512K, 0% used [0x00000007bff00000,0x00000007bff00000,0x00000007bff80000)
  to   space 512K, 0% used [0x00000007bff80000,0x00000007bff80000,0x00000007c0000000)
 ParOldGen       total 4096K, used 4028K [0x00000007bfa00000, 0x00000007bfe00000, 0x00000007bfe00000)
  object space 4096K, 98% used [0x00000007bfa00000,0x00000007bfdef040,0x00000007bfe00000)
 Metaspace       used 3315K, capacity 4496K, committed 4864K, reserved 1056768K
  class space    used 371K, capacity 388K, committed 512K, reserved 1048576K
Event: 2.354 GC heap after
Heap after GC invocations=67 (full 60):
 PSYoungGen      total 1536K, used 1024K [0x00000007bfe00000, 0x00000007c0000000, 0x00000007c0000000)
  eden space 1024K, 100% used [0x00000007bfe00000,0x00000007bff00000,0x00000007bff00000)
  from space 512K, 0% used [0x00000007bff00000,0x00000007bff00000,0x00000007bff80000)
  to   space 512K, 0% used [0x00000007bff80000,0x00000007bff80000,0x00000007c0000000)
 ParOldGen       total 4096K, used 4028K [0x00000007bfa00000, 0x00000007bfe00000, 0x00000007bfe00000)
  object space 4096K, 98% used [0x00000007bfa00000,0x00000007bfdef040,0x00000007bfe00000)
 Metaspace       used 3315K, capacity 4496K, committed 4864K, reserved 1056768K
  class space    used 371K, capacity 388K, committed 512K, reserved 1048576K
}
Event: 2.354 GC heap before
{Heap before GC invocations=68 (full 61):
 PSYoungGen      total 1536K, used 1024K [0x00000007bfe00000, 0x00000007c0000000, 0x00000007c0000000)
  eden space 1024K, 100% used [0x00000007bfe00000,0x00000007bff00000,0x00000007bff00000)
  from space 512K, 0% used [0x00000007bff00000,0x00000007bff00000,0x00000007bff80000)
  to   space 512K, 0% used [0x00000007bff80000,0x00000007bff80000,0x00000007c0000000)
 ParOldGen       total 4096K, used 4029K [0x00000007bfa00000, 0x00000007bfe00000, 0x00000007bfe00000)
  object space 4096K, 98% used [0x00000007bfa00000,0x00000007bfdef460,0x00000007bfe00000)
 Metaspace       used 3315K, capacity 4496K, committed 4864K, reserved 1056768K
  class space    used 371K, capacity 388K, committed 512K, reserved 1048576K
Event: 2.380 GC heap after
Heap after GC invocations=68 (full 61):
 PSYoungGen      total 1536K, used 1024K [0x00000007bfe00000, 0x00000007c0000000, 0x00000007c0000000)
  eden space 1024K, 100% used [0x00000007bfe00000,0x00000007bff00000,0x00000007bff00000)
  from space 512K, 0% used [0x00000007bff00000,0x00000007bff00000,0x00000007bff80000)
  to   space 512K, 0% used [0x00000007bff80000,0x00000007bff80000,0x00000007c0000000)
 ParOldGen       total 4096K, used 4029K [0x00000007bfa00000, 0x00000007bfe00000, 0x00000007bfe00000)
  object space 4096K, 98% used [0x00000007bfa00000,0x00000007bfdef418,0x00000007bfe00000)
 Metaspace       used 3315K, capacity 4496K, committed 4864K, reserved 1056768K
  class space    used 371K, capacity 388K, committed 512K, reserved 1048576K
}

